********************************************************************************
PACKAGE-LOG: 2016-01-31 23:44:14
NOTICE: Do NOT post to public sites or forums 
********************************************************************************
VERSION:	1.1.2
WORDPRESS:	4.4.1
PHP INFO:	5.6.11-1ubuntu3.1 | SAPI: apache2handler
SERVER:		Apache/2.4.12 (Ubuntu) mod_fcgid/2.3.9 OpenSSL/1.0.2d 
PHP TIME LIMIT: (0) no time limit imposed 
PHP MAX MEMORY: 5000M (128M default) 
MEMORY STACK: 21.25MB 

********************************************************************************
DATABASE:
********************************************************************************
BUILD MODE:   PHP(query limit - 100)
MYSQLTIMEOUT: 5000
MYSQLDUMP:    Is Supported 
TABLES: total:13 | filtered:0 | create:13 
FILTERED: [] 
SQL CREATED: 20160131_trento_56ae9c461a0dc7799160131234406_database.sql 
SQL FILE SIZE: 604.41KB (618920) 
SQL FILE TIME: 2016-01-31 23:44:14 
SQL RUNTIME: 0.07 sec. 

******************************************************************************** 
ARCHIVE (ZIP): 
******************************************************************************** 
ARCHIVE DIR:  /home/admin/web/trento.creotip.io/public_html 
ARCHIVE FILE: 20160131_trento_56ae9c461a0dc7799160131234406_archive.zip 
FILTERS: *OFF* 
DIRS:  not set 
EXTS:  not set 
---------------------------------------- 
COMPRESSING 
SIZE:	33.71MB 
STATS:	Dirs 201 | Files 1,766 
SQL ADDED: 20160131_trento_56ae9c461a0dc7799160131234406_database.sql 
ZipArchive Object
(
    [status] => 0
    [statusSys] => 0
    [numFiles] => 1967
    [filename] => /home/admin/web/trento.creotip.io/public_html/wp-snapshots/tmp/20160131_trento_56ae9c461a0dc7799160131234406_archive.zip
    [comment] => 
)
 
COMPRESSION RESULT: '1' 
COMPRESSED SIZE: 14.95MB 
ARCHIVE RUNTIME: 3.19 sec. 
MEMORY STACK: 22MB 

******************************************************************************** 
MAKE INSTALLER: 
******************************************************************************** 
Build Start 
Build Finished 
Preping for use 
Template parsed with new data 
Complete [/home/admin/web/trento.creotip.io/public_html/wp-snapshots/tmp/20160131_trento_56ae9c461a0dc7799160131234406_installer.php] 
Added to archive 

******************************************************************************** 
INTEGRITY CHECKS: 
******************************************************************************** 
SQL File: 604.41KB 
Installer File: 318.85KB 
Archive File: 14.95MB  

********************************************************************************
RECORD ID:[1]
TOTAL PROCESS RUNTIME: 3.44 sec.
PEAK PHP MEMORY USED: 25MB
DONE PROCESSING => 20160131_trento 2016-01-31 23:44:18
 
